[1] Log opened at 2026-01-24 06:13:28.252089
[1] [Config] INFO: Control socket set up successfully: '@xdebug-ctrl.1'
[1] [Step Debug] INFO: Connecting to configured address/port: host.docker.internal:9012.
[1] [Step Debug] WARN: Creating socket for 'host.docker.internal:9012', poll success, but error: Operation now in progress (29).
[1] [Step Debug] ERR: Could not connect to debugging client. Tried: host.docker.internal:9012 (through xdebug.client_host/xdebug.client_port).
[16] Log opened at 2026-01-24 06:14:43.906819
[16] [Config] INFO: Control socket set up successfully: '@xdebug-ctrl.16'
[16] [Step Debug] INFO: Connecting to configured address/port: host.docker.internal:9012.
[16] [Step Debug] WARN: Creating socket for 'host.docker.internal:9012', poll success, but error: Operation now in progress (29).
[16] [Step Debug] ERR: Could not connect to debugging client. Tried: host.docker.internal:9012 (through xdebug.client_host/xdebug.client_port).
[16] Log closed at 2026-01-24 06:14:49.507236

[18] Log opened at 2026-01-24 06:24:12.209086
[18] [Config] INFO: Control socket set up successfully: '@xdebug-ctrl.18'
[18] [Step Debug] INFO: Connecting to configured address/port: host.docker.internal:9012.
[18] [Step Debug] WARN: Creating socket for 'host.docker.internal:9012', poll success, but error: Operation now in progress (29).
[18] [Step Debug] ERR: Could not connect to debugging client. Tried: host.docker.internal:9012 (through xdebug.client_host/xdebug.client_port).
[18] Log closed at 2026-01-24 06:24:22.382119

[1] Log opened at 2026-01-25 03:50:20.479463
[1] [Config] INFO: Control socket set up successfully: '@xdebug-ctrl.1'
[1] [Step Debug] INFO: Connecting to configured address/port: host.docker.internal:9012.
[1] [Step Debug] WARN: Creating socket for 'host.docker.internal:9012', poll success, but error: Operation now in progress (29).
[1] [Step Debug] WARN: Creating socket for 'host.docker.internal:9012', connect: Network is unreachable.
[1] [Step Debug] ERR: Could not connect to debugging client. Tried: host.docker.internal:9012 (through xdebug.client_host/xdebug.client_port).
[1] Log opened at 2026-01-25 03:50:37.758791
[1] [Config] INFO: Control socket set up successfully: '@xdebug-ctrl.1'
[1] [Step Debug] INFO: Connecting to configured address/port: host.docker.internal:9012.
[1] [Step Debug] WARN: Creating socket for 'host.docker.internal:9012', poll success, but error: Operation now in progress (29).
[1] [Step Debug] WARN: Creating socket for 'host.docker.internal:9012', connect: Network is unreachable.
[1] [Step Debug] ERR: Could not connect to debugging client. Tried: host.docker.internal:9012 (through xdebug.client_host/xdebug.client_port).
[1] Log opened at 2026-01-26 15:35:47.661595
[1] [Config] INFO: Control socket set up successfully: '@xdebug-ctrl.1'
[1] [Step Debug] INFO: Connecting to configured address/port: host.docker.internal:9012.
[1] [Step Debug] WARN: Creating socket for 'host.docker.internal:9012', poll success, but error: Operation now in progress (29).
[1] [Step Debug] WARN: Creating socket for 'host.docker.internal:9012', connect: Network is unreachable.
[1] [Step Debug] ERR: Could not connect to debugging client. Tried: host.docker.internal:9012 (through xdebug.client_host/xdebug.client_port).
[1] Log opened at 2026-01-26 15:36:06.121127
[1] [Config] INFO: Control socket set up successfully: '@xdebug-ctrl.1'
[1] [Step Debug] INFO: Connecting to configured address/port: host.docker.internal:9012.
[1] [Step Debug] WARN: Creating socket for 'host.docker.internal:9012', poll success, but error: Operation now in progress (29).
[1] [Step Debug] WARN: Creating socket for 'host.docker.internal:9012', connect: Network is unreachable.
[1] [Step Debug] ERR: Could not connect to debugging client. Tried: host.docker.internal:9012 (through xdebug.client_host/xdebug.client_port).
[1] Log opened at 2026-01-27 01:01:14.162152
[1] [Config] INFO: Control socket set up successfully: '@xdebug-ctrl.1'
[1] [Step Debug] INFO: Connecting to configured address/port: host.docker.internal:9012.
[1] [Step Debug] WARN: Creating socket for 'host.docker.internal:9012', poll success, but error: Operation now in progress (29).
[1] [Step Debug] WARN: Creating socket for 'host.docker.internal:9012', connect: Network is unreachable.
[1] [Step Debug] ERR: Could not connect to debugging client. Tried: host.docker.internal:9012 (through xdebug.client_host/xdebug.client_port).
[1] Log closed at 2026-01-27 01:01:42.703114

[1] Log opened at 2026-01-27 01:01:42.091306
[1] [Config] INFO: Control socket set up successfully: '@xdebug-ctrl.1'
[1] [Step Debug] INFO: Connecting to configured address/port: host.docker.internal:9012.
[1] [Step Debug] WARN: Creating socket for 'host.docker.internal:9012', poll success, but error: Operation now in progress (29).
[1] [Step Debug] WARN: Creating socket for 'host.docker.internal:9012', connect: Network is unreachable.
[1] [Step Debug] ERR: Could not connect to debugging client. Tried: host.docker.internal:9012 (through xdebug.client_host/xdebug.client_port).
[1] Log closed at 2026-01-27 01:02:14.351093

[1] Log opened at 2026-01-27 01:02:13.121717
[1] [Config] INFO: Control socket set up successfully: '@xdebug-ctrl.1'
[1] [Step Debug] INFO: Connecting to configured address/port: host.docker.internal:9012.
[1] [Step Debug] WARN: Creating socket for 'host.docker.internal:9012', poll success, but error: Operation now in progress (29).
[1] [Step Debug] WARN: Creating socket for 'host.docker.internal:9012', connect: Network is unreachable.
[1] [Step Debug] ERR: Could not connect to debugging client. Tried: host.docker.internal:9012 (through xdebug.client_host/xdebug.client_port).
[1] Log closed at 2026-01-27 01:02:41.428391

[1] Log opened at 2026-01-27 01:02:40.851887
[1] [Config] INFO: Control socket set up successfully: '@xdebug-ctrl.1'
[1] [Step Debug] INFO: Connecting to configured address/port: host.docker.internal:9012.
[1] [Step Debug] WARN: Creating socket for 'host.docker.internal:9012', poll success, but error: Operation now in progress (29).
[1] [Step Debug] WARN: Creating socket for 'host.docker.internal:9012', connect: Network is unreachable.
[1] [Step Debug] ERR: Could not connect to debugging client. Tried: host.docker.internal:9012 (through xdebug.client_host/xdebug.client_port).
[1] Log closed at 2026-01-27 01:03:13.140945

[1] Log opened at 2026-01-27 01:03:11.959465
[1] [Config] INFO: Control socket set up successfully: '@xdebug-ctrl.1'
[1] [Step Debug] INFO: Connecting to configured address/port: host.docker.internal:9012.
[1] [Step Debug] WARN: Creating socket for 'host.docker.internal:9012', poll success, but error: Operation now in progress (29).
[1] [Step Debug] WARN: Creating socket for 'host.docker.internal:9012', connect: Network is unreachable.
[1] [Step Debug] ERR: Could not connect to debugging client. Tried: host.docker.internal:9012 (through xdebug.client_host/xdebug.client_port).
[1] Log closed at 2026-01-27 01:03:44.438213

[1] Log opened at 2026-01-27 01:03:43.213075
[1] [Config] INFO: Control socket set up successfully: '@xdebug-ctrl.1'
[1] [Step Debug] INFO: Connecting to configured address/port: host.docker.internal:9012.
[1] [Step Debug] WARN: Creating socket for 'host.docker.internal:9012', poll success, but error: Operation now in progress (29).
[1] [Step Debug] WARN: Creating socket for 'host.docker.internal:9012', connect: Network is unreachable.
[1] [Step Debug] ERR: Could not connect to debugging client. Tried: host.docker.internal:9012 (through xdebug.client_host/xdebug.client_port).
[1] Log closed at 2026-01-27 01:04:15.619003

[1] Log opened at 2026-01-27 01:04:14.433167
[1] [Config] INFO: Control socket set up successfully: '@xdebug-ctrl.1'
[1] [Step Debug] INFO: Connecting to configured address/port: host.docker.internal:9012.
[1] [Step Debug] WARN: Creating socket for 'host.docker.internal:9012', poll success, but error: Operation now in progress (29).
[1] [Step Debug] WARN: Creating socket for 'host.docker.internal:9012', connect: Network is unreachable.
[1] [Step Debug] ERR: Could not connect to debugging client. Tried: host.docker.internal:9012 (through xdebug.client_host/xdebug.client_port).
[1] Log closed at 2026-01-27 01:04:46.744769

[1] Log opened at 2026-01-27 01:04:45.495185
[1] [Config] INFO: Control socket set up successfully: '@xdebug-ctrl.1'
[1] [Step Debug] INFO: Connecting to configured address/port: host.docker.internal:9012.
[1] [Step Debug] WARN: Creating socket for 'host.docker.internal:9012', poll success, but error: Operation now in progress (29).
[1] [Step Debug] WARN: Creating socket for 'host.docker.internal:9012', connect: Network is unreachable.
[1] [Step Debug] ERR: Could not connect to debugging client. Tried: host.docker.internal:9012 (through xdebug.client_host/xdebug.client_port).
[1] Log closed at 2026-01-27 01:05:13.765346

[1] Log opened at 2026-01-27 01:05:12.526155
[1] [Config] INFO: Control socket set up successfully: '@xdebug-ctrl.1'
[1] [Step Debug] INFO: Connecting to configured address/port: host.docker.internal:9012.
[1] [Step Debug] WARN: Creating socket for 'host.docker.internal:9012', poll success, but error: Operation now in progress (29).
[1] [Step Debug] WARN: Creating socket for 'host.docker.internal:9012', connect: Network is unreachable.
[1] [Step Debug] ERR: Could not connect to debugging client. Tried: host.docker.internal:9012 (through xdebug.client_host/xdebug.client_port).
[1] Log closed at 2026-01-27 01:05:45.004761

[1] Log opened at 2026-01-27 01:05:43.742056
[1] [Config] INFO: Control socket set up successfully: '@xdebug-ctrl.1'
[1] [Step Debug] INFO: Connecting to configured address/port: host.docker.internal:9012.
[1] [Step Debug] WARN: Creating socket for 'host.docker.internal:9012', poll success, but error: Operation now in progress (29).
[1] [Step Debug] WARN: Creating socket for 'host.docker.internal:9012', connect: Network is unreachable.
[1] [Step Debug] ERR: Could not connect to debugging client. Tried: host.docker.internal:9012 (through xdebug.client_host/xdebug.client_port).
[1] Log closed at 2026-01-27 01:06:15.981164

[1] Log opened at 2026-01-27 01:06:14.698044
[1] [Config] INFO: Control socket set up successfully: '@xdebug-ctrl.1'
[1] [Step Debug] INFO: Connecting to configured address/port: host.docker.internal:9012.
[1] [Step Debug] WARN: Creating socket for 'host.docker.internal:9012', poll success, but error: Operation now in progress (29).
[1] [Step Debug] WARN: Creating socket for 'host.docker.internal:9012', connect: Network is unreachable.
[1] [Step Debug] ERR: Could not connect to debugging client. Tried: host.docker.internal:9012 (through xdebug.client_host/xdebug.client_port).
[1] Log closed at 2026-01-27 01:06:47.062764

[1] Log opened at 2026-01-27 01:06:45.772510
[1] [Config] INFO: Control socket set up successfully: '@xdebug-ctrl.1'
[1] [Step Debug] INFO: Connecting to configured address/port: host.docker.internal:9012.
[1] [Step Debug] WARN: Creating socket for 'host.docker.internal:9012', poll success, but error: Operation now in progress (29).
[1] [Step Debug] WARN: Creating socket for 'host.docker.internal:9012', connect: Network is unreachable.
[1] [Step Debug] ERR: Could not connect to debugging client. Tried: host.docker.internal:9012 (through xdebug.client_host/xdebug.client_port).
[1] Log closed at 2026-01-27 01:07:18.033878

[1] Log opened at 2026-01-27 01:07:17.059021
[1] [Config] INFO: Control socket set up successfully: '@xdebug-ctrl.1'
[1] [Step Debug] INFO: Connecting to configured address/port: host.docker.internal:9012.
[1] [Step Debug] WARN: Creating socket for 'host.docker.internal:9012', poll success, but error: Operation now in progress (29).
[1] [Step Debug] WARN: Creating socket for 'host.docker.internal:9012', connect: Network is unreachable.
[1] [Step Debug] ERR: Could not connect to debugging client. Tried: host.docker.internal:9012 (through xdebug.client_host/xdebug.client_port).
[1] Log closed at 2026-01-27 01:07:49.441569

[1] Log opened at 2026-01-27 01:07:48.102611
[1] [Config] INFO: Control socket set up successfully: '@xdebug-ctrl.1'
[1] [Step Debug] INFO: Connecting to configured address/port: host.docker.internal:9012.
[1] [Step Debug] WARN: Creating socket for 'host.docker.internal:9012', poll success, but error: Operation now in progress (29).
[1] [Step Debug] WARN: Creating socket for 'host.docker.internal:9012', connect: Network is unreachable.
[1] [Step Debug] ERR: Could not connect to debugging client. Tried: host.docker.internal:9012 (through xdebug.client_host/xdebug.client_port).
[1] Log closed at 2026-01-27 01:08:20.338782

[1] Log opened at 2026-01-27 01:08:19.235365
[1] [Config] INFO: Control socket set up successfully: '@xdebug-ctrl.1'
[1] [Step Debug] INFO: Connecting to configured address/port: host.docker.internal:9012.
[1] [Step Debug] WARN: Creating socket for 'host.docker.internal:9012', poll success, but error: Operation now in progress (29).
[1] [Step Debug] WARN: Creating socket for 'host.docker.internal:9012', connect: Network is unreachable.
[1] [Step Debug] ERR: Could not connect to debugging client. Tried: host.docker.internal:9012 (through xdebug.client_host/xdebug.client_port).
[1] Log closed at 2026-01-27 01:08:51.564276

[1] Log opened at 2026-01-27 01:08:48.639867
[1] [Config] INFO: Control socket set up successfully: '@xdebug-ctrl.1'
[1] [Step Debug] INFO: Connecting to configured address/port: host.docker.internal:9012.
[1] [Step Debug] WARN: Creating socket for 'host.docker.internal:9012', poll success, but error: Operation now in progress (29).
[1] [Step Debug] WARN: Creating socket for 'host.docker.internal:9012', connect: Network is unreachable.
[1] [Step Debug] ERR: Could not connect to debugging client. Tried: host.docker.internal:9012 (through xdebug.client_host/xdebug.client_port).
[1] Log closed at 2026-01-27 01:09:20.826177

[1] Log opened at 2026-01-27 01:09:19.661357
[1] [Config] INFO: Control socket set up successfully: '@xdebug-ctrl.1'
[1] [Step Debug] INFO: Connecting to configured address/port: host.docker.internal:9012.
[1] [Step Debug] WARN: Creating socket for 'host.docker.internal:9012', poll success, but error: Operation now in progress (29).
[1] [Step Debug] WARN: Creating socket for 'host.docker.internal:9012', connect: Network is unreachable.
[1] [Step Debug] ERR: Could not connect to debugging client. Tried: host.docker.internal:9012 (through xdebug.client_host/xdebug.client_port).
[1] Log closed at 2026-01-27 01:09:52.135016

[1] Log opened at 2026-01-27 01:09:50.926325
[1] [Config] INFO: Control socket set up successfully: '@xdebug-ctrl.1'
[1] [Step Debug] INFO: Connecting to configured address/port: host.docker.internal:9012.
[1] [Step Debug] WARN: Creating socket for 'host.docker.internal:9012', poll success, but error: Operation now in progress (29).
[1] [Step Debug] WARN: Creating socket for 'host.docker.internal:9012', connect: Network is unreachable.
[1] [Step Debug] ERR: Could not connect to debugging client. Tried: host.docker.internal:9012 (through xdebug.client_host/xdebug.client_port).
[1] Log closed at 2026-01-27 01:10:23.421808

[1] Log opened at 2026-01-27 01:10:22.268663
[1] [Config] INFO: Control socket set up successfully: '@xdebug-ctrl.1'
[1] [Step Debug] INFO: Connecting to configured address/port: host.docker.internal:9012.
[1] [Step Debug] WARN: Creating socket for 'host.docker.internal:9012', poll success, but error: Operation now in progress (29).
[1] [Step Debug] WARN: Creating socket for 'host.docker.internal:9012', connect: Network is unreachable.
[1] [Step Debug] ERR: Could not connect to debugging client. Tried: host.docker.internal:9012 (through xdebug.client_host/xdebug.client_port).
[1] Log opened at 2026-01-27 01:57:29.017347
[1] [Config] INFO: Control socket set up successfully: '@xdebug-ctrl.1'
[1] [Step Debug] INFO: Connecting to configured address/port: host.docker.internal:9012.
[1] [Step Debug] WARN: Creating socket for 'host.docker.internal:9012', poll success, but error: Operation now in progress (29).
[1] [Step Debug] WARN: Creating socket for 'host.docker.internal:9012', connect: Network is unreachable.
[1] [Step Debug] ERR: Could not connect to debugging client. Tried: host.docker.internal:9012 (through xdebug.client_host/xdebug.client_port).
[1] Log opened at 2026-01-31 06:12:27.293975
[1] [Config] INFO: Control socket set up successfully: '@xdebug-ctrl.1'
[1] [Step Debug] INFO: Connecting to configured address/port: host.docker.internal:9012.
[1] [Step Debug] WARN: Creating socket for 'host.docker.internal:9012', poll success, but error: Operation now in progress (29).
[1] [Step Debug] WARN: Creating socket for 'host.docker.internal:9012', connect: Network is unreachable.
[1] [Step Debug] ERR: Could not connect to debugging client. Tried: host.docker.internal:9012 (through xdebug.client_host/xdebug.client_port).
[1] Log opened at 2026-01-31 06:12:43.393788
[1] [Config] INFO: Control socket set up successfully: '@xdebug-ctrl.1'
[1] [Step Debug] INFO: Connecting to configured address/port: host.docker.internal:9012.
[1] [Step Debug] WARN: Creating socket for 'host.docker.internal:9012', poll success, but error: Operation now in progress (29).
[1] [Step Debug] WARN: Creating socket for 'host.docker.internal:9012', connect: Network is unreachable.
[1] [Step Debug] ERR: Could not connect to debugging client. Tried: host.docker.internal:9012 (through xdebug.client_host/xdebug.client_port).
[15] Log opened at 2026-01-31 06:14:30.072512
[15] [Config] INFO: Control socket set up successfully: '@xdebug-ctrl.15'
[15] [Step Debug] INFO: Connecting to configured address/port: host.docker.internal:9012.
[15] [Step Debug] WARN: Creating socket for 'host.docker.internal:9012', poll success, but error: Operation now in progress (29).
[15] [Step Debug] WARN: Creating socket for 'host.docker.internal:9012', connect: Network is unreachable.
[15] [Step Debug] ERR: Could not connect to debugging client. Tried: host.docker.internal:9012 (through xdebug.client_host/xdebug.client_port).
[15] Log closed at 2026-01-31 06:14:30.407506

[1] Log opened at 2026-02-02 06:49:12.408648
[1] [Config] INFO: Control socket set up successfully: '@xdebug-ctrl.1'
[1] [Step Debug] INFO: Connecting to configured address/port: host.docker.internal:9012.
[1] [Step Debug] WARN: Creating socket for 'host.docker.internal:9012', poll success, but error: Operation now in progress (29).
[1] [Step Debug] ERR: Could not connect to debugging client. Tried: host.docker.internal:9012 (through xdebug.client_host/xdebug.client_port).
[15] Log opened at 2026-02-02 06:50:40.343064
[15] [Config] INFO: Control socket set up successfully: '@xdebug-ctrl.15'
[15] [Step Debug] INFO: Connecting to configured address/port: host.docker.internal:9012.
[15] [Step Debug] WARN: Creating socket for 'host.docker.internal:9012', poll success, but error: Operation now in progress (29).
[15] [Step Debug] ERR: Could not connect to debugging client. Tried: host.docker.internal:9012 (through xdebug.client_host/xdebug.client_port).
[15] Log closed at 2026-02-02 06:50:40.615461

[1] Log opened at 2026-02-03 02:11:06.976837
[1] [Config] INFO: Control socket set up successfully: '@xdebug-ctrl.1'
[1] [Step Debug] INFO: Connecting to configured address/port: host.docker.internal:9012.
[1] [Step Debug] WARN: Creating socket for 'host.docker.internal:9012', poll success, but error: Operation now in progress (29).
[1] [Step Debug] WARN: Creating socket for 'host.docker.internal:9012', connect: Network is unreachable.
[1] [Step Debug] ERR: Could not connect to debugging client. Tried: host.docker.internal:9012 (through xdebug.client_host/xdebug.client_port).
[15] Log opened at 2026-02-03 02:12:38.470853
[15] [Config] INFO: Control socket set up successfully: '@xdebug-ctrl.15'
[15] [Step Debug] INFO: Connecting to configured address/port: host.docker.internal:9012.
[15] [Step Debug] WARN: Creating socket for 'host.docker.internal:9012', poll success, but error: Operation now in progress (29).
[15] [Step Debug] WARN: Creating socket for 'host.docker.internal:9012', connect: Network is unreachable.
[15] [Step Debug] ERR: Could not connect to debugging client. Tried: host.docker.internal:9012 (through xdebug.client_host/xdebug.client_port).
[15] Log closed at 2026-02-03 02:12:38.623611

[1] Log opened at 2026-02-06 01:04:38.221397
[1] [Config] INFO: Control socket set up successfully: '@xdebug-ctrl.1'
[1] [Step Debug] INFO: Connecting to configured address/port: host.docker.internal:9012.
[1] [Step Debug] WARN: Creating socket for 'host.docker.internal:9012', poll success, but error: Operation now in progress (29).
[1] [Step Debug] WARN: Creating socket for 'host.docker.internal:9012', connect: Network is unreachable.
[1] [Step Debug] ERR: Could not connect to debugging client. Tried: host.docker.internal:9012 (through xdebug.client_host/xdebug.client_port).
[1] Log opened at 2026-02-06 01:04:55.029566
[1] [Config] INFO: Control socket set up successfully: '@xdebug-ctrl.1'
[1] [Step Debug] INFO: Connecting to configured address/port: host.docker.internal:9012.
[1] [Step Debug] WARN: Creating socket for 'host.docker.internal:9012', poll success, but error: Operation now in progress (29).
[1] [Step Debug] WARN: Creating socket for 'host.docker.internal:9012', connect: Network is unreachable.
[1] [Step Debug] ERR: Could not connect to debugging client. Tried: host.docker.internal:9012 (through xdebug.client_host/xdebug.client_port).
[33] Log opened at 2026-02-18 06:39:39.503008
[33] [Config] INFO: Control socket set up successfully: '@xdebug-ctrl.33'
[33] [Step Debug] INFO: Connecting to configured address/port: host.docker.internal:9012.
[33] [Step Debug] WARN: Creating socket for 'host.docker.internal:9012', poll success, but error: Operation now in progress (29).
[33] [Step Debug] WARN: Creating socket for 'host.docker.internal:9012', connect: Network is unreachable.
[33] [Step Debug] ERR: Could not connect to debugging client. Tried: host.docker.internal:9012 (through xdebug.client_host/xdebug.client_port).
[33] Log closed at 2026-02-18 06:39:40.169702

[1] Log opened at 2026-02-19 01:44:06.141851
[1] [Config] INFO: Control socket set up successfully: '@xdebug-ctrl.1'
[1] [Step Debug] INFO: Connecting to configured address/port: host.docker.internal:9012.
[1] [Step Debug] WARN: Creating socket for 'host.docker.internal:9012', poll success, but error: Operation now in progress (29).
[1] [Step Debug] WARN: Creating socket for 'host.docker.internal:9012', connect: Network is unreachable.
[1] [Step Debug] ERR: Could not connect to debugging client. Tried: host.docker.internal:9012 (through xdebug.client_host/xdebug.client_port).
[1] Log opened at 2026-02-19 01:44:29.742403
[1] [Config] INFO: Control socket set up successfully: '@xdebug-ctrl.1'
[1] [Step Debug] INFO: Connecting to configured address/port: host.docker.internal:9012.
[1] [Step Debug] WARN: Creating socket for 'host.docker.internal:9012', poll success, but error: Operation now in progress (29).
[1] [Step Debug] WARN: Creating socket for 'host.docker.internal:9012', connect: Network is unreachable.
[1] [Step Debug] ERR: Could not connect to debugging client. Tried: host.docker.internal:9012 (through xdebug.client_host/xdebug.client_port).
[15] Log opened at 2026-02-19 01:45:37.877766
[15] [Config] INFO: Control socket set up successfully: '@xdebug-ctrl.15'
[15] [Step Debug] INFO: Connecting to configured address/port: host.docker.internal:9012.
[15] [Step Debug] WARN: Creating socket for 'host.docker.internal:9012', poll success, but error: Operation now in progress (29).
[15] [Step Debug] WARN: Creating socket for 'host.docker.internal:9012', connect: Network is unreachable.
[15] [Step Debug] ERR: Could not connect to debugging client. Tried: host.docker.internal:9012 (through xdebug.client_host/xdebug.client_port).
[15] Log closed at 2026-02-19 01:45:37.995759

[17] Log opened at 2026-02-19 01:49:50.235960
[17] [Config] INFO: Control socket set up successfully: '@xdebug-ctrl.17'
[17] [Step Debug] INFO: Connecting to configured address/port: host.docker.internal:9012.
[17] [Step Debug] WARN: Creating socket for 'host.docker.internal:9012', poll success, but error: Operation now in progress (29).
[17] [Step Debug] WARN: Creating socket for 'host.docker.internal:9012', connect: Network is unreachable.
[17] [Step Debug] ERR: Could not connect to debugging client. Tried: host.docker.internal:9012 (through xdebug.client_host/xdebug.client_port).
[17] Log closed at 2026-02-19 01:49:50.352367

[1] Log closed at 2026-02-19 02:14:47.010358

[1] Log opened at 2026-02-19 02:14:47.425348
[1] [Config] INFO: Control socket set up successfully: '@xdebug-ctrl.1'
[1] [Step Debug] INFO: Connecting to configured address/port: host.docker.internal:9012.
[1] [Step Debug] WARN: Creating socket for 'host.docker.internal:9012', poll success, but error: Operation now in progress (29).
[1] [Step Debug] WARN: Creating socket for 'host.docker.internal:9012', connect: Network is unreachable.
[1] [Step Debug] ERR: Could not connect to debugging client. Tried: host.docker.internal:9012 (through xdebug.client_host/xdebug.client_port).
[19] Log opened at 2026-02-19 02:15:30.563084
[19] [Config] INFO: Control socket set up successfully: '@xdebug-ctrl.19'
[19] [Step Debug] INFO: Connecting to configured address/port: host.docker.internal:9012.
[19] [Step Debug] WARN: Creating socket for 'host.docker.internal:9012', poll success, but error: Operation now in progress (29).
[19] [Step Debug] WARN: Creating socket for 'host.docker.internal:9012', connect: Network is unreachable.
[19] [Step Debug] ERR: Could not connect to debugging client. Tried: host.docker.internal:9012 (through xdebug.client_host/xdebug.client_port).
[19] Log closed at 2026-02-19 02:15:30.749830

[21] Log opened at 2026-02-19 02:17:31.180826
[21] [Config] INFO: Control socket set up successfully: '@xdebug-ctrl.21'
[21] [Step Debug] INFO: Connecting to configured address/port: host.docker.internal:9012.
[21] [Step Debug] WARN: Creating socket for 'host.docker.internal:9012', poll success, but error: Operation now in progress (29).
[21] [Step Debug] WARN: Creating socket for 'host.docker.internal:9012', connect: Network is unreachable.
[21] [Step Debug] ERR: Could not connect to debugging client. Tried: host.docker.internal:9012 (through xdebug.client_host/xdebug.client_port).
[1] Log closed at 2026-02-19 02:17:31.895033

[1] Log opened at 2026-02-19 02:17:32.389497
[1] [Config] INFO: Control socket set up successfully: '@xdebug-ctrl.1'
[1] [Step Debug] INFO: Connecting to configured address/port: host.docker.internal:9012.
[1] [Step Debug] WARN: Creating socket for 'host.docker.internal:9012', poll success, but error: Operation now in progress (29).
[1] [Step Debug] WARN: Creating socket for 'host.docker.internal:9012', connect: Network is unreachable.
[1] [Step Debug] ERR: Could not connect to debugging client. Tried: host.docker.internal:9012 (through xdebug.client_host/xdebug.client_port).
[21] Log closed at 2026-02-19 02:17:39.232134

[23] Log opened at 2026-02-19 02:19:34.014074
[23] [Config] INFO: Control socket set up successfully: '@xdebug-ctrl.23'
[23] [Step Debug] INFO: Connecting to configured address/port: host.docker.internal:9012.
[23] [Step Debug] WARN: Creating socket for 'host.docker.internal:9012', poll success, but error: Operation now in progress (29).
[23] [Step Debug] WARN: Creating socket for 'host.docker.internal:9012', connect: Network is unreachable.
[23] [Step Debug] ERR: Could not connect to debugging client. Tried: host.docker.internal:9012 (through xdebug.client_host/xdebug.client_port).
[23] Log closed at 2026-02-19 02:19:34.458810

[25] Log opened at 2026-02-19 02:19:36.210704
[25] [Config] INFO: Control socket set up successfully: '@xdebug-ctrl.25'
[25] [Step Debug] INFO: Connecting to configured address/port: host.docker.internal:9012.
[25] [Step Debug] WARN: Creating socket for 'host.docker.internal:9012', poll success, but error: Operation now in progress (29).
[25] [Step Debug] WARN: Creating socket for 'host.docker.internal:9012', connect: Network is unreachable.
[25] [Step Debug] ERR: Could not connect to debugging client. Tried: host.docker.internal:9012 (through xdebug.client_host/xdebug.client_port).
[25] Log closed at 2026-02-19 02:19:40.176896

[28] Log opened at 2026-02-19 02:27:04.657521
[28] [Config] INFO: Control socket set up successfully: '@xdebug-ctrl.28'
[28] [Step Debug] INFO: Connecting to configured address/port: host.docker.internal:9012.
[28] [Step Debug] WARN: Creating socket for 'host.docker.internal:9012', poll success, but error: Operation now in progress (29).
[28] [Step Debug] WARN: Creating socket for 'host.docker.internal:9012', connect: Network is unreachable.
[28] [Step Debug] ERR: Could not connect to debugging client. Tried: host.docker.internal:9012 (through xdebug.client_host/xdebug.client_port).
[28] Log closed at 2026-02-19 02:27:04.955644

[30] Log opened at 2026-02-19 02:27:19.035854
[30] [Config] INFO: Control socket set up successfully: '@xdebug-ctrl.30'
[30] [Step Debug] INFO: Connecting to configured address/port: host.docker.internal:9012.
[30] [Step Debug] WARN: Creating socket for 'host.docker.internal:9012', poll success, but error: Operation now in progress (29).
[30] [Step Debug] WARN: Creating socket for 'host.docker.internal:9012', connect: Network is unreachable.
[30] [Step Debug] ERR: Could not connect to debugging client. Tried: host.docker.internal:9012 (through xdebug.client_host/xdebug.client_port).
[30] Log closed at 2026-02-19 02:27:22.987403

[32] Log opened at 2026-02-19 02:27:25.995058
[32] [Config] INFO: Control socket set up successfully: '@xdebug-ctrl.32'
[32] [Step Debug] INFO: Connecting to configured address/port: host.docker.internal:9012.
[32] [Step Debug] WARN: Creating socket for 'host.docker.internal:9012', poll success, but error: Operation now in progress (29).
[32] [Step Debug] WARN: Creating socket for 'host.docker.internal:9012', connect: Network is unreachable.
[32] [Step Debug] ERR: Could not connect to debugging client. Tried: host.docker.internal:9012 (through xdebug.client_host/xdebug.client_port).
[32] Log closed at 2026-02-19 02:27:26.104091

[35] Log opened at 2026-02-19 04:11:23.930498
[35] [Config] INFO: Control socket set up successfully: '@xdebug-ctrl.35'
[35] [Step Debug] INFO: Connecting to configured address/port: host.docker.internal:9012.
[35] [Step Debug] WARN: Creating socket for 'host.docker.internal:9012', poll success, but error: Operation now in progress (29).
[35] [Step Debug] WARN: Creating socket for 'host.docker.internal:9012', connect: Network is unreachable.
[35] [Step Debug] ERR: Could not connect to debugging client. Tried: host.docker.internal:9012 (through xdebug.client_host/xdebug.client_port).
[35] Log closed at 2026-02-19 04:11:24.215798

[37] Log opened at 2026-02-19 04:11:38.842082
[37] [Config] INFO: Control socket set up successfully: '@xdebug-ctrl.37'
[37] [Step Debug] INFO: Connecting to configured address/port: host.docker.internal:9012.
[37] [Step Debug] WARN: Creating socket for 'host.docker.internal:9012', poll success, but error: Operation now in progress (29).
[37] [Step Debug] WARN: Creating socket for 'host.docker.internal:9012', connect: Network is unreachable.
[37] [Step Debug] ERR: Could not connect to debugging client. Tried: host.docker.internal:9012 (through xdebug.client_host/xdebug.client_port).
[37] Log closed at 2026-02-19 04:11:42.860911

[39] Log opened at 2026-02-19 04:11:45.864052
[39] [Config] INFO: Control socket set up successfully: '@xdebug-ctrl.39'
[39] [Step Debug] INFO: Connecting to configured address/port: host.docker.internal:9012.
[39] [Step Debug] WARN: Creating socket for 'host.docker.internal:9012', poll success, but error: Operation now in progress (29).
[39] [Step Debug] WARN: Creating socket for 'host.docker.internal:9012', connect: Network is unreachable.
[39] [Step Debug] ERR: Could not connect to debugging client. Tried: host.docker.internal:9012 (through xdebug.client_host/xdebug.client_port).
[39] Log closed at 2026-02-19 04:11:45.979962

[42] Log opened at 2026-02-19 08:30:23.254107
[42] [Config] INFO: Control socket set up successfully: '@xdebug-ctrl.42'
[42] [Step Debug] INFO: Connecting to configured address/port: host.docker.internal:9012.
[42] [Step Debug] WARN: Creating socket for 'host.docker.internal:9012', poll success, but error: Operation now in progress (29).
[42] [Step Debug] WARN: Creating socket for 'host.docker.internal:9012', connect: Network is unreachable.
[42] [Step Debug] ERR: Could not connect to debugging client. Tried: host.docker.internal:9012 (through xdebug.client_host/xdebug.client_port).
[42] Log closed at 2026-02-19 08:30:23.886446

[1] Log opened at 2026-02-20 06:49:52.861204
[1] [Config] INFO: Control socket set up successfully: '@xdebug-ctrl.1'
[1] [Step Debug] INFO: Connecting to configured address/port: host.docker.internal:9012.
[1] [Step Debug] WARN: Creating socket for 'host.docker.internal:9012', poll success, but error: Operation now in progress (29).
[1] [Step Debug] WARN: Creating socket for 'host.docker.internal:9012', connect: Network is unreachable.
[1] [Step Debug] ERR: Could not connect to debugging client. Tried: host.docker.internal:9012 (through xdebug.client_host/xdebug.client_port).
[1] Log opened at 2026-02-20 06:50:04.807673
[1] [Config] INFO: Control socket set up successfully: '@xdebug-ctrl.1'
[1] [Step Debug] INFO: Connecting to configured address/port: host.docker.internal:9012.
[1] [Step Debug] WARN: Creating socket for 'host.docker.internal:9012', poll success, but error: Operation now in progress (29).
[1] [Step Debug] WARN: Creating socket for 'host.docker.internal:9012', connect: Network is unreachable.
[1] [Step Debug] ERR: Could not connect to debugging client. Tried: host.docker.internal:9012 (through xdebug.client_host/xdebug.client_port).
[15] Log opened at 2026-02-20 07:48:02.591477
[15] [Config] INFO: Control socket set up successfully: '@xdebug-ctrl.15'
[15] [Step Debug] INFO: Connecting to configured address/port: host.docker.internal:9012.
[15] [Step Debug] WARN: Creating socket for 'host.docker.internal:9012', poll success, but error: Operation now in progress (29).
[15] [Step Debug] WARN: Creating socket for 'host.docker.internal:9012', connect: Network is unreachable.
[15] [Step Debug] ERR: Could not connect to debugging client. Tried: host.docker.internal:9012 (through xdebug.client_host/xdebug.client_port).
[15] Log closed at 2026-02-20 07:48:03.535210

[1] Log opened at 2026-02-21 16:34:54.729102
[1] [Config] INFO: Control socket set up successfully: '@xdebug-ctrl.1'
[1] [Step Debug] INFO: Connecting to configured address/port: host.docker.internal:9012.
[1] [Step Debug] WARN: Creating socket for 'host.docker.internal:9012', poll success, but error: Operation now in progress (29).
[1] [Step Debug] WARN: Creating socket for 'host.docker.internal:9012', connect: Network is unreachable.
[1] [Step Debug] ERR: Could not connect to debugging client. Tried: host.docker.internal:9012 (through xdebug.client_host/xdebug.client_port).
[1] Log opened at 2026-02-21 16:35:10.297867
[1] [Config] INFO: Control socket set up successfully: '@xdebug-ctrl.1'
[1] [Step Debug] INFO: Connecting to configured address/port: host.docker.internal:9012.
[1] [Step Debug] WARN: Creating socket for 'host.docker.internal:9012', poll success, but error: Operation now in progress (29).
[1] [Step Debug] WARN: Creating socket for 'host.docker.internal:9012', connect: Network is unreachable.
[1] [Step Debug] ERR: Could not connect to debugging client. Tried: host.docker.internal:9012 (through xdebug.client_host/xdebug.client_port).
[1] Log opened at 2026-02-23 14:54:20.200826
[1] [Config] INFO: Control socket set up successfully: '@xdebug-ctrl.1'
[1] [Step Debug] INFO: Connecting to configured address/port: host.docker.internal:9012.
[1] [Step Debug] WARN: Creating socket for 'host.docker.internal:9012', poll success, but error: Operation now in progress (29).
[1] [Step Debug] WARN: Creating socket for 'host.docker.internal:9012', connect: Network is unreachable.
[1] [Step Debug] ERR: Could not connect to debugging client. Tried: host.docker.internal:9012 (through xdebug.client_host/xdebug.client_port).
[1] Log opened at 2026-02-23 14:54:36.082588
[1] [Config] INFO: Control socket set up successfully: '@xdebug-ctrl.1'
[1] [Step Debug] INFO: Connecting to configured address/port: host.docker.internal:9012.
[1] [Step Debug] WARN: Creating socket for 'host.docker.internal:9012', poll success, but error: Operation now in progress (29).
[1] [Step Debug] WARN: Creating socket for 'host.docker.internal:9012', connect: Network is unreachable.
[1] [Step Debug] ERR: Could not connect to debugging client. Tried: host.docker.internal:9012 (through xdebug.client_host/xdebug.client_port).
[1] Log opened at 2026-02-25 01:48:30.233522
[1] [Config] INFO: Control socket set up successfully: '@xdebug-ctrl.1'
[1] [Step Debug] INFO: Connecting to configured address/port: host.docker.internal:9012.
[1] [Step Debug] WARN: Creating socket for 'host.docker.internal:9012', poll success, but error: Operation now in progress (29).
[1] [Step Debug] WARN: Creating socket for 'host.docker.internal:9012', connect: Network is unreachable.
[1] [Step Debug] ERR: Could not connect to debugging client. Tried: host.docker.internal:9012 (through xdebug.client_host/xdebug.client_port).
[1] Log opened at 2026-02-25 01:50:56.374041
[1] [Config] INFO: Control socket set up successfully: '@xdebug-ctrl.1'
[1] [Step Debug] INFO: Connecting to configured address/port: host.docker.internal:9012.
[1] [Step Debug] WARN: Creating socket for 'host.docker.internal:9012', poll success, but error: Operation now in progress (29).
[1] [Step Debug] WARN: Creating socket for 'host.docker.internal:9012', connect: Network is unreachable.
[1] [Step Debug] ERR: Could not connect to debugging client. Tried: host.docker.internal:9012 (through xdebug.client_host/xdebug.client_port).
[1] Log closed at 2026-02-25 01:51:28.927112

[1] Log opened at 2026-02-25 01:51:27.675044
[1] [Config] INFO: Control socket set up successfully: '@xdebug-ctrl.1'
[1] [Step Debug] INFO: Connecting to configured address/port: host.docker.internal:9012.
[1] [Step Debug] WARN: Creating socket for 'host.docker.internal:9012', poll success, but error: Operation now in progress (29).
[1] [Step Debug] WARN: Creating socket for 'host.docker.internal:9012', connect: Network is unreachable.
[1] [Step Debug] ERR: Could not connect to debugging client. Tried: host.docker.internal:9012 (through xdebug.client_host/xdebug.client_port).
[1] Log closed at 2026-02-25 01:51:59.880670

[1] Log opened at 2026-02-25 01:51:58.553326
[1] [Config] INFO: Control socket set up successfully: '@xdebug-ctrl.1'
[1] [Step Debug] INFO: Connecting to configured address/port: host.docker.internal:9012.
[1] [Step Debug] WARN: Creating socket for 'host.docker.internal:9012', poll success, but error: Operation now in progress (29).
[1] [Step Debug] WARN: Creating socket for 'host.docker.internal:9012', connect: Network is unreachable.
[1] [Step Debug] ERR: Could not connect to debugging client. Tried: host.docker.internal:9012 (through xdebug.client_host/xdebug.client_port).
[1] Log closed at 2026-02-25 01:52:30.854839

[1] Log opened at 2026-02-25 01:52:29.648718
[1] [Config] INFO: Control socket set up successfully: '@xdebug-ctrl.1'
[1] [Step Debug] INFO: Connecting to configured address/port: host.docker.internal:9012.
[1] [Step Debug] WARN: Creating socket for 'host.docker.internal:9012', poll success, but error: Operation now in progress (29).
[1] [Step Debug] WARN: Creating socket for 'host.docker.internal:9012', connect: Network is unreachable.
[1] [Step Debug] ERR: Could not connect to debugging client. Tried: host.docker.internal:9012 (through xdebug.client_host/xdebug.client_port).
[1] Log closed at 2026-02-25 01:53:01.901184

[1] Log opened at 2026-02-25 01:53:00.545931
[1] [Config] INFO: Control socket set up successfully: '@xdebug-ctrl.1'
[1] [Step Debug] INFO: Connecting to configured address/port: host.docker.internal:9012.
[1] [Step Debug] WARN: Creating socket for 'host.docker.internal:9012', poll success, but error: Operation now in progress (29).
[1] [Step Debug] WARN: Creating socket for 'host.docker.internal:9012', connect: Network is unreachable.
[1] [Step Debug] ERR: Could not connect to debugging client. Tried: host.docker.internal:9012 (through xdebug.client_host/xdebug.client_port).
[1] Log closed at 2026-02-25 01:53:32.823422

[1] Log opened at 2026-02-25 01:53:30.679686
[1] [Config] INFO: Control socket set up successfully: '@xdebug-ctrl.1'
[1] [Step Debug] INFO: Connecting to configured address/port: host.docker.internal:9012.
[1] [Step Debug] WARN: Creating socket for 'host.docker.internal:9012', poll success, but error: Operation now in progress (29).
[1] [Step Debug] WARN: Creating socket for 'host.docker.internal:9012', connect: Network is unreachable.
[1] [Step Debug] ERR: Could not connect to debugging client. Tried: host.docker.internal:9012 (through xdebug.client_host/xdebug.client_port).
[1] Log closed at 2026-02-25 01:54:03.070020

[1] Log opened at 2026-02-25 01:54:02.894212
[1] [Config] INFO: Control socket set up successfully: '@xdebug-ctrl.1'
[1] [Step Debug] INFO: Connecting to configured address/port: host.docker.internal:9012.
[1] [Step Debug] WARN: Creating socket for 'host.docker.internal:9012', poll success, but error: Operation now in progress (29).
[1] [Step Debug] WARN: Creating socket for 'host.docker.internal:9012', connect: Network is unreachable.
[1] [Step Debug] ERR: Could not connect to debugging client. Tried: host.docker.internal:9012 (through xdebug.client_host/xdebug.client_port).
[1] Log closed at 2026-02-25 01:54:35.207539

[1] Log opened at 2026-02-25 01:54:33.824499
[1] [Config] INFO: Control socket set up successfully: '@xdebug-ctrl.1'
[1] [Step Debug] INFO: Connecting to configured address/port: host.docker.internal:9012.
[1] [Step Debug] WARN: Creating socket for 'host.docker.internal:9012', poll success, but error: Operation now in progress (29).
[1] [Step Debug] WARN: Creating socket for 'host.docker.internal:9012', connect: Network is unreachable.
[1] [Step Debug] ERR: Could not connect to debugging client. Tried: host.docker.internal:9012 (through xdebug.client_host/xdebug.client_port).
[1] Log closed at 2026-02-25 01:55:06.060597

[1] Log opened at 2026-02-25 01:55:04.842857
[1] [Config] INFO: Control socket set up successfully: '@xdebug-ctrl.1'
[1] [Step Debug] INFO: Connecting to configured address/port: host.docker.internal:9012.
[1] [Step Debug] WARN: Creating socket for 'host.docker.internal:9012', poll success, but error: Operation now in progress (29).
[1] [Step Debug] WARN: Creating socket for 'host.docker.internal:9012', connect: Network is unreachable.
[1] [Step Debug] ERR: Could not connect to debugging client. Tried: host.docker.internal:9012 (through xdebug.client_host/xdebug.client_port).
[1] Log closed at 2026-02-25 01:55:37.059756

[1] Log opened at 2026-02-25 01:55:35.734222
[1] [Config] INFO: Control socket set up successfully: '@xdebug-ctrl.1'
[1] [Step Debug] INFO: Connecting to configured address/port: host.docker.internal:9012.
[1] [Step Debug] WARN: Creating socket for 'host.docker.internal:9012', poll success, but error: Operation now in progress (29).
[1] [Step Debug] WARN: Creating socket for 'host.docker.internal:9012', connect: Network is unreachable.
[1] [Step Debug] ERR: Could not connect to debugging client. Tried: host.docker.internal:9012 (through xdebug.client_host/xdebug.client_port).
[1] Log closed at 2026-02-25 01:56:07.935122

[1] Log opened at 2026-02-25 01:56:04.721277
[1] [Config] INFO: Control socket set up successfully: '@xdebug-ctrl.1'
[1] [Step Debug] INFO: Connecting to configured address/port: host.docker.internal:9012.
[1] [Step Debug] WARN: Creating socket for 'host.docker.internal:9012', poll success, but error: Operation now in progress (29).
[1] [Step Debug] WARN: Creating socket for 'host.docker.internal:9012', connect: Network is unreachable.
[1] [Step Debug] ERR: Could not connect to debugging client. Tried: host.docker.internal:9012 (through xdebug.client_host/xdebug.client_port).
[1] Log closed at 2026-02-25 01:56:36.981632

[1] Log opened at 2026-02-25 01:56:35.685304
[1] [Config] INFO: Control socket set up successfully: '@xdebug-ctrl.1'
[1] [Step Debug] INFO: Connecting to configured address/port: host.docker.internal:9012.
[1] [Step Debug] WARN: Creating socket for 'host.docker.internal:9012', poll success, but error: Operation now in progress (29).
[1] [Step Debug] WARN: Creating socket for 'host.docker.internal:9012', connect: Network is unreachable.
[1] [Step Debug] ERR: Could not connect to debugging client. Tried: host.docker.internal:9012 (through xdebug.client_host/xdebug.client_port).
[1] Log closed at 2026-02-25 01:57:07.999807

[1] Log opened at 2026-02-25 01:57:06.802177
[1] [Config] INFO: Control socket set up successfully: '@xdebug-ctrl.1'
[1] [Step Debug] INFO: Connecting to configured address/port: host.docker.internal:9012.
[1] [Step Debug] WARN: Creating socket for 'host.docker.internal:9012', poll success, but error: Operation now in progress (29).
[1] [Step Debug] WARN: Creating socket for 'host.docker.internal:9012', connect: Network is unreachable.
[1] [Step Debug] ERR: Could not connect to debugging client. Tried: host.docker.internal:9012 (through xdebug.client_host/xdebug.client_port).
[1] Log closed at 2026-02-25 01:57:39.050704

[1] Log opened at 2026-02-25 01:57:37.693367
[1] [Config] INFO: Control socket set up successfully: '@xdebug-ctrl.1'
[1] [Step Debug] INFO: Connecting to configured address/port: host.docker.internal:9012.
[1] [Step Debug] WARN: Creating socket for 'host.docker.internal:9012', poll success, but error: Operation now in progress (29).
[1] [Step Debug] WARN: Creating socket for 'host.docker.internal:9012', connect: Network is unreachable.
[1] [Step Debug] ERR: Could not connect to debugging client. Tried: host.docker.internal:9012 (through xdebug.client_host/xdebug.client_port).
[1] Log closed at 2026-02-25 01:58:09.975388

[1] Log opened at 2026-02-25 01:58:08.743094
[1] [Config] INFO: Control socket set up successfully: '@xdebug-ctrl.1'
[1] [Step Debug] INFO: Connecting to configured address/port: host.docker.internal:9012.
[1] [Step Debug] WARN: Creating socket for 'host.docker.internal:9012', poll success, but error: Operation now in progress (29).
[1] [Step Debug] WARN: Creating socket for 'host.docker.internal:9012', connect: Network is unreachable.
[1] [Step Debug] ERR: Could not connect to debugging client. Tried: host.docker.internal:9012 (through xdebug.client_host/xdebug.client_port).
[1] Log opened at 2026-02-25 01:58:40.114889
[1] [Config] INFO: Control socket set up successfully: '@xdebug-ctrl.1'
[1] [Step Debug] INFO: Connecting to configured address/port: host.docker.internal:9012.
[1] [Step Debug] WARN: Creating socket for 'host.docker.internal:9012', poll success, but error: Operation now in progress (29).
[1] [Step Debug] WARN: Creating socket for 'host.docker.internal:9012', connect: Network is unreachable.
[1] [Step Debug] ERR: Could not connect to debugging client. Tried: host.docker.internal:9012 (through xdebug.client_host/xdebug.client_port).
